<?xml version="1.0" encoding="UTF-8"?>
<!-- Generated by org.testng.reporters.JUnitReportReporter -->
<testsuite hostname="peter-N56VJ" name="cz.fi.muni.pa165.dao.TeamDaoTest" tests="6" failures="0" timestamp="29 Oct 2016 17:00:27 GMT" time="0.184" errors="0">
  <testcase name="findByName" time="0.069" classname="cz.fi.muni.pa165.dao.TeamDaoTest"/>
  <testcase name="findAll" time="0.050" classname="cz.fi.muni.pa165.dao.TeamDaoTest"/>
  <testcase name="update" time="0.019" classname="cz.fi.muni.pa165.dao.TeamDaoTest"/>
  <testcase name="findById" time="0.013" classname="cz.fi.muni.pa165.dao.TeamDaoTest"/>
  <testcase name="delete" time="0.012" classname="cz.fi.muni.pa165.dao.TeamDaoTest"/>
  <testcase name="create" time="0.021" classname="cz.fi.muni.pa165.dao.TeamDaoTest"/>
</testsuite> <!-- cz.fi.muni.pa165.dao.TeamDaoTest -->
