<?xml version="1.0" encoding="UTF-8"?>
<!-- Generated by org.testng.reporters.JUnitReportReporter -->
<testsuite hostname="peter-N56VJ" name="cz.fi.muni.pa165.dao.GoalDaoTest" tests="9" failures="0" timestamp="29 Oct 2016 17:00:27 GMT" time="0.705" errors="0">
  <testcase name="testWithGame" time="0.015" classname="cz.fi.muni.pa165.dao.GoalDaoTest"/>
  <testcase name="createAndFintById" time="0.036" classname="cz.fi.muni.pa165.dao.GoalDaoTest"/>
  <testcase name="findById" time="0.014" classname="cz.fi.muni.pa165.dao.GoalDaoTest"/>
  <testcase name="updateGoal" time="0.163" classname="cz.fi.muni.pa165.dao.GoalDaoTest"/>
  <testcase name="findByPlayer" time="0.117" classname="cz.fi.muni.pa165.dao.GoalDaoTest"/>
  <testcase name="createWithNull" time="0.024" classname="cz.fi.muni.pa165.dao.GoalDaoTest"/>
  <testcase name="deleteGame" time="0.086" classname="cz.fi.muni.pa165.dao.GoalDaoTest"/>
  <testcase name="testWithPlayer" time="0.017" classname="cz.fi.muni.pa165.dao.GoalDaoTest"/>
  <testcase name="findAll" time="0.233" classname="cz.fi.muni.pa165.dao.GoalDaoTest"/>
</testsuite> <!-- cz.fi.muni.pa165.dao.GoalDaoTest -->
